2025-11-20 19:48:05,638 - INFO - ReqGen 시작: 서버=163.152.48.109:9000, 클라이언트=7800, 시간=330초
2025-11-20 19:48:05,638 - INFO - Hugging Face에서 'kroshan/BioASQ' 데이터셋을 로드합니다...
2025-11-20 19:48:11,560 - INFO - 3266개의 질문을 로드했습니다.
2025-11-20 19:48:11,561 - INFO - 부하 테스트 시작, client 수 = 7800
2025-11-20 19:48:11,561 - INFO - Zipf 값 1.2에서 상위 20%의 질문이 차지하는 비율: 91.82%
2025-11-20 19:48:17,419 - INFO - [실시간] 요청 1000개 처리 | 현재까지의 RPS: 170.71최근 1000개 request의 p99 TTFT: 0.2704 초 | 
2025-11-20 19:48:20,485 - INFO - [실시간] 요청 2000개 처리 | 현재까지의 RPS: 224.11최근 1000개 request의 p99 TTFT: 0.2749 초 | 
2025-11-20 19:48:23,217 - INFO - [실시간] 요청 3000개 처리 | 현재까지의 RPS: 257.37최근 1000개 request의 p99 TTFT: 0.2516 초 | 
2025-11-20 19:48:25,712 - INFO - [실시간] 요청 4000개 처리 | 현재까지의 RPS: 282.65최근 1000개 request의 p99 TTFT: 0.3302 초 | 
2025-11-20 19:48:28,165 - INFO - [실시간] 요청 5000개 처리 | 현재까지의 RPS: 301.13최근 1000개 request의 p99 TTFT: 0.5496 초 | 
2025-11-20 19:48:30,337 - INFO - [실시간] 요청 6000개 처리 | 현재까지의 RPS: 319.56최근 1000개 request의 p99 TTFT: 0.3361 초 | 
2025-11-20 19:48:32,301 - INFO - [실시간] 요청 7000개 처리 | 현재까지의 RPS: 337.51최근 1000개 request의 p99 TTFT: 0.4690 초 | 
2025-11-20 19:48:34,980 - INFO - [실시간] 요청 8000개 처리 | 현재까지의 RPS: 341.61최근 1000개 request의 p99 TTFT: 0.1951 초 | 
2025-11-20 19:48:37,616 - INFO - [실시간] 요청 9000개 처리 | 현재까지의 RPS: 345.42최근 1000개 request의 p99 TTFT: 0.4473 초 | 
2025-11-20 19:48:40,003 - INFO - [실시간] 요청 10000개 처리 | 현재까지의 RPS: 351.59최근 1000개 request의 p99 TTFT: 0.5536 초 | 
2025-11-20 19:48:42,531 - INFO - [실시간] 요청 11000개 처리 | 현재까지의 RPS: 355.18최근 1000개 request의 p99 TTFT: 0.2268 초 | 
2025-11-20 19:48:44,993 - INFO - [실시간] 요청 12000개 처리 | 현재까지의 RPS: 358.94최근 1000개 request의 p99 TTFT: 0.1964 초 | 
2025-11-20 19:48:47,377 - INFO - [실시간] 요청 13000개 처리 | 현재까지의 RPS: 362.96최근 1000개 request의 p99 TTFT: 0.1870 초 | 
2025-11-20 19:48:49,806 - INFO - [실시간] 요청 14000개 처리 | 현재까지의 RPS: 366.06최근 1000개 request의 p99 TTFT: 0.3990 초 | 
2025-11-20 19:48:52,456 - INFO - [실시간] 요청 15000개 처리 | 현재까지의 RPS: 366.79최근 1000개 request의 p99 TTFT: 0.2136 초 | 
2025-11-20 19:48:54,691 - INFO - [실시간] 요청 16000개 처리 | 현재까지의 RPS: 370.97최근 1000개 request의 p99 TTFT: 0.6783 초 | 
2025-11-20 19:48:57,227 - INFO - [실시간] 요청 17000개 처리 | 현재까지의 RPS: 372.27최근 1000개 request의 p99 TTFT: 0.1966 초 | 
2025-11-20 19:48:59,644 - INFO - [실시간] 요청 18000개 처리 | 현재까지의 RPS: 374.35최근 1000개 request의 p99 TTFT: 0.4683 초 | 
2025-11-20 19:49:02,150 - INFO - [실시간] 요청 19000개 처리 | 현재까지의 RPS: 375.57최근 1000개 request의 p99 TTFT: 0.2742 초 | 
Exception ignored in: <function _SelectorTransport.__del__ at 0x7f641ef564d0>
Traceback (most recent call last):
  File "/usr/lib/python3.10/asyncio/selector_events.py", line 708, in __del__
    def __del__(self, _warn=warnings.warn):
KeyboardInterrupt: 
Traceback (most recent call last):
  File "/usr/lib/python3.10/asyncio/runners.py", line 44, in run
    return loop.run_until_complete(main)
  File "/usr/lib/python3.10/asyncio/base_events.py", line 636, in run_until_complete
    self.run_forever()
  File "/usr/lib/python3.10/asyncio/base_events.py", line 603, in run_forever
    self._run_once()
  File "/usr/lib/python3.10/asyncio/base_events.py", line 1909, in _run_once
    handle._run()
  File "/usr/lib/python3.10/asyncio/events.py", line 80, in _run
    self._context.run(self._callback, *self._args)
  File "/home/comsys/sungsu/CXLSharedMemGPU/ReqGen/main.py", line 132, in _run_client
    async with session.post(self.server_url, json={"client_id": client_id, "user_input": question}) as response:
  File "/home/comsys/.local/lib/python3.10/site-packages/aiohttp/client.py", line 1197, in __aenter__
    self._resp = await self._coro
  File "/home/comsys/.local/lib/python3.10/site-packages/aiohttp/client.py", line 606, in _request
    resp = await req.send(conn)
  File "/home/comsys/.local/lib/python3.10/site-packages/aiohttp/client_reqrep.py", line 735, in send
    request_info=self.request_info,
  File "/home/comsys/.local/lib/python3.10/site-packages/aiohttp/client_reqrep.py", line 395, in request_info
    return RequestInfo(self.url, self.method, headers, self.original_url)
  File "<attrs generated init aiohttp.client_reqrep.RequestInfo>", line 1, in __init__
KeyboardInterrupt

During handling of the above exception, another exception occurred:

Traceback (most recent call last):
  File "/home/comsys/sungsu/CXLSharedMemGPU/ReqGen/main.py", line 134, in _run_client
    async for chunk in response.content.iter_any():
  File "/home/comsys/.local/lib/python3.10/site-packages/aiohttp/streams.py", line 50, in __anext__
    rv = await self.read_func()
  File "/home/comsys/.local/lib/python3.10/site-packages/aiohttp/streams.py", line 405, in readany
    await self._wait("readany")
  File "/home/comsys/.local/lib/python3.10/site-packages/aiohttp/streams.py", line 312, in _wait
    await waiter
asyncio.exceptions.CancelledError

During handling of the above exception, another exception occurred:

Traceback (most recent call last):
  File "/home/comsys/sungsu/CXLSharedMemGPU/ReqGen/main.py", line 412, in <module>
    main()
  File "/home/comsys/sungsu/CXLSharedMemGPU/ReqGen/main.py", line 409, in main
    asyncio.run(reqgen.run())
  File "/usr/lib/python3.10/asyncio/runners.py", line 47, in run
    _cancel_all_tasks(loop)
  File "/usr/lib/python3.10/asyncio/runners.py", line 63, in _cancel_all_tasks
    loop.run_until_complete(tasks.gather(*to_cancel, return_exceptions=True))
  File "/usr/lib/python3.10/asyncio/base_events.py", line 636, in run_until_complete
    self.run_forever()
  File "/usr/lib/python3.10/asyncio/base_events.py", line 603, in run_forever
    self._run_once()
  File "/usr/lib/python3.10/asyncio/base_events.py", line 1909, in _run_once
    handle._run()
  File "/usr/lib/python3.10/asyncio/events.py", line 80, in _run
    self._context.run(self._callback, *self._args)
  File "/home/comsys/sungsu/CXLSharedMemGPU/ReqGen/main.py", line 132, in _run_client
    async with session.post(self.server_url, json={"client_id": client_id, "user_input": question}) as response:
  File "/home/comsys/.local/lib/python3.10/site-packages/aiohttp/client.py", line 1215, in __aexit__
    self._resp.release()
  File "/home/comsys/.local/lib/python3.10/site-packages/aiohttp/client_reqrep.py", line 1053, in release
    self._release_connection()
  File "/home/comsys/.local/lib/python3.10/site-packages/aiohttp/client_reqrep.py", line 1081, in _release_connection
    self._connection.release()
  File "/home/comsys/.local/lib/python3.10/site-packages/aiohttp/connector.py", line 173, in release
    self._connector._release(
  File "/home/comsys/.local/lib/python3.10/site-packages/aiohttp/connector.py", line 667, in _release
    protocol.close()
  File "/home/comsys/.local/lib/python3.10/site-packages/aiohttp/client_proto.py", line 71, in close
    transport.close()
  File "/usr/lib/python3.10/asyncio/selector_events.py", line 702, in close
    self._loop._remove_reader(self._sock_fd)
  File "/usr/lib/python3.10/asyncio/selector_events.py", line 279, in _remove_reader
    self._selector.unregister(fd)
  File "/usr/lib/python3.10/selectors.py", line 369, in unregister
    self._selector.unregister(key.fd)
KeyboardInterrupt
