2025-09-30 18:30:25,862 - INFO - ReqGen 시작: 서버=163.152.48.109:9000, 클라이언트=8000, 시간=60초
2025-09-30 18:30:25,862 - INFO - Hugging Face에서 'kroshan/BioASQ' 데이터셋을 로드합니다...
2025-09-30 18:30:32,779 - INFO - 3266개의 질문을 로드했습니다.
2025-09-30 18:30:32,781 - INFO - 부하 테스트 시작, client 수 = 8000
2025-09-30 18:30:32,782 - INFO - Zipf 값 1.05에서 상위 20%의 질문이 차지하는 비율: 84.55%
2025-09-30 18:30:36,075 - INFO - [실시간] 요청 1000개 처리 | 현재까지의 RPS: 303.61최근 1000개 request의 p99 TTFT: 0.5996 초 | 
2025-09-30 18:30:38,565 - INFO - [실시간] 요청 2000개 처리 | 현재까지의 RPS: 345.77최근 1000개 request의 p99 TTFT: 0.3136 초 | 
2025-09-30 18:30:40,704 - INFO - [실시간] 요청 3000개 처리 | 현재까지의 RPS: 378.65최근 1000개 request의 p99 TTFT: 1.0105 초 | 
2025-09-30 18:30:41,976 - INFO - [실시간] 요청 4000개 처리 | 현재까지의 RPS: 435.04최근 1000개 request의 p99 TTFT: 0.6897 초 | 
2025-09-30 18:30:43,595 - INFO - [실시간] 요청 5000개 처리 | 현재까지의 RPS: 462.38최근 1000개 request의 p99 TTFT: 0.6986 초 | 
2025-09-30 18:30:45,304 - INFO - [실시간] 요청 6000개 처리 | 현재까지의 RPS: 479.12최근 1000개 request의 p99 TTFT: 0.7229 초 | 
2025-09-30 18:30:47,434 - INFO - [실시간] 요청 7000개 처리 | 현재까지의 RPS: 477.72최근 1000개 request의 p99 TTFT: 0.0890 초 | 
2025-09-30 18:30:49,134 - INFO - [실시간] 요청 8000개 처리 | 현재까지의 RPS: 489.21최근 1000개 request의 p99 TTFT: 0.5436 초 | 
2025-09-30 18:30:50,795 - INFO - [실시간] 요청 9000개 처리 | 현재까지의 RPS: 499.61최근 1000개 request의 p99 TTFT: 0.3221 초 | 
2025-09-30 18:30:52,778 - INFO - [실시간] 요청 10000개 처리 | 현재까지의 RPS: 500.08최근 1000개 request의 p99 TTFT: 1.0230 초 | 
2025-09-30 18:30:54,398 - INFO - [실시간] 요청 11000개 처리 | 현재까지의 RPS: 508.87최근 1000개 request의 p99 TTFT: 1.0284 초 | 
2025-09-30 18:30:56,388 - INFO - [실시간] 요청 12000개 처리 | 현재까지의 RPS: 508.32최근 1000개 request의 p99 TTFT: 0.1512 초 | 
2025-09-30 18:30:58,098 - INFO - [실시간] 요청 13000개 처리 | 현재까지의 RPS: 513.50최근 1000개 request의 p99 TTFT: 0.7534 초 | 
2025-09-30 18:30:59,759 - INFO - [실시간] 요청 14000개 처리 | 현재까지의 RPS: 518.94최근 1000개 request의 p99 TTFT: 0.2366 초 | 
2025-09-30 18:31:01,520 - INFO - [실시간] 요청 15000개 처리 | 현재까지의 RPS: 521.94최근 1000개 request의 p99 TTFT: 0.1170 초 | 
2025-09-30 18:31:03,389 - INFO - [실시간] 요청 16000개 처리 | 현재까지의 RPS: 522.75최근 1000개 request의 p99 TTFT: 0.3954 초 | 
2025-09-30 18:31:03,401 - INFO - 전체 p99 TTFT 0.9819 초가 SLO 2.0 초 이내입니다. 테스트를 계속 진행합니다.
2025-09-30 18:31:04,817 - INFO - [실시간] 요청 17000개 처리 | 현재까지의 RPS: 530.66최근 1000개 request의 p99 TTFT: 30.8800 초 | 
2025-09-30 18:31:06,552 - INFO - [실시간] 요청 18000개 처리 | 현재까지의 RPS: 533.00최근 1000개 request의 p99 TTFT: 30.8906 초 | 
2025-09-30 18:31:08,236 - INFO - [실시간] 요청 19000개 처리 | 현재까지의 RPS: 535.90최근 1000개 request의 p99 TTFT: 30.6543 초 | 
2025-09-30 18:31:09,991 - INFO - [실시간] 요청 20000개 처리 | 현재까지의 RPS: 537.49최근 1000개 request의 p99 TTFT: 0.2301 초 | 
2025-09-30 18:31:11,707 - INFO - [실시간] 요청 21000개 처리 | 현재까지의 RPS: 539.49최근 1000개 request의 p99 TTFT: 0.6680 초 | 
2025-09-30 18:31:13,860 - INFO - [실시간] 요청 22000개 처리 | 현재까지의 RPS: 535.56최근 1000개 request의 p99 TTFT: 30.4426 초 | 
2025-09-30 18:31:15,421 - INFO - [실시간] 요청 23000개 처리 | 현재까지의 RPS: 539.40최근 1000개 request의 p99 TTFT: 0.7573 초 | 
2025-09-30 18:31:17,223 - INFO - [실시간] 요청 24000개 처리 | 현재까지의 RPS: 540.03최근 1000개 request의 p99 TTFT: 0.6236 초 | 
2025-09-30 18:31:19,049 - INFO - [실시간] 요청 25000개 처리 | 현재까지의 RPS: 540.34최근 1000개 request의 p99 TTFT: 0.1669 초 | 
2025-09-30 18:31:20,958 - INFO - [실시간] 요청 26000개 처리 | 현재까지의 RPS: 539.68최근 1000개 request의 p99 TTFT: 0.2256 초 | 
2025-09-30 18:31:22,601 - INFO - [실시간] 요청 27000개 처리 | 현재까지의 RPS: 541.96최근 1000개 request의 p99 TTFT: 0.6478 초 | 
2025-09-30 18:31:24,392 - INFO - [실시간] 요청 28000개 처리 | 현재까지의 RPS: 542.53최근 1000개 request의 p99 TTFT: 0.1151 초 | 
2025-09-30 18:31:26,295 - INFO - [실시간] 요청 29000개 처리 | 현재까지의 RPS: 541.92최근 1000개 request의 p99 TTFT: 0.1615 초 | 
2025-09-30 18:31:27,966 - INFO - [실시간] 요청 30000개 처리 | 현재까지의 RPS: 543.63최근 1000개 request의 p99 TTFT: 0.4512 초 | 
2025-09-30 18:31:29,737 - INFO - [실시간] 요청 31000개 처리 | 현재까지의 RPS: 544.29최근 1000개 request의 p99 TTFT: 0.0935 초 | 
2025-09-30 18:31:31,597 - INFO - [실시간] 요청 32000개 처리 | 현재까지의 RPS: 544.07최근 1000개 request의 p99 TTFT: 0.2820 초 | 
2025-09-30 18:31:34,373 - INFO - [실시간] 요청 33000개 처리 | 현재까지의 RPS: 535.79최근 1000개 request의 p99 TTFT: 1.0024 초 | 
Traceback (most recent call last):
  File "/usr/lib/python3.10/asyncio/runners.py", line 44, in run
    return loop.run_until_complete(main)
  File "/usr/lib/python3.10/asyncio/base_events.py", line 636, in run_until_complete
    self.run_forever()
  File "/usr/lib/python3.10/asyncio/base_events.py", line 603, in run_forever
    self._run_once()
  File "/usr/lib/python3.10/asyncio/base_events.py", line 1871, in _run_once
    event_list = self._selector.select(timeout)
  File "/usr/lib/python3.10/selectors.py", line 469, in select
    fd_event_list = self._selector.poll(timeout, max_ev)
KeyboardInterrupt

During handling of the above exception, another exception occurred:

Traceback (most recent call last):
  File "/home/cloud_cxl/CXLSharedMemGPU/ReqGen/main.py", line 355, in <module>
    main()
  File "/home/cloud_cxl/CXLSharedMemGPU/ReqGen/main.py", line 352, in main
    asyncio.run(reqgen.run())
  File "/usr/lib/python3.10/asyncio/runners.py", line 47, in run
    _cancel_all_tasks(loop)
  File "/usr/lib/python3.10/asyncio/runners.py", line 63, in _cancel_all_tasks
    loop.run_until_complete(tasks.gather(*to_cancel, return_exceptions=True))
  File "/usr/lib/python3.10/asyncio/base_events.py", line 636, in run_until_complete
    self.run_forever()
  File "/usr/lib/python3.10/asyncio/base_events.py", line 603, in run_forever
    self._run_once()
  File "/usr/lib/python3.10/asyncio/base_events.py", line 1909, in _run_once
    handle._run()
  File "/usr/lib/python3.10/asyncio/events.py", line 80, in _run
    self._context.run(self._callback, *self._args)
  File "/usr/lib/python3.10/asyncio/selector_events.py", line 984, in _call_connection_lost
    super()._call_connection_lost(exc)
  File "/usr/lib/python3.10/asyncio/selector_events.py", line 742, in _call_connection_lost
    self._protocol.connection_lost(exc)
  File "/home/cloud_cxl/.local/lib/python3.10/site-packages/aiohttp/client_proto.py", line 131, in connection_lost
    super().connection_lost(reraised_exc)
KeyboardInterrupt
